\BOOKMARK [1][-]{Doc-Start}{\376\377\000S\000e\000z\000n\000a\000m\000\040\000p\000o\000u\001\176\000i\000t\000\375\000c\000h\000\040\000z\000k\000r\000a\000t\000e\000k\000\040\000a\000\040\000s\000y\000m\000b\000o\000l\001\157}{}% 1
\BOOKMARK [1][-]{Doc-Start}{\376\377\000S\000e\000z\000n\000a\000m\000\040\000o\000b\000r\000\341\000z\000k\001\157}{}% 2
\BOOKMARK [1][-]{Doc-Start}{\376\377\000S\000e\000z\000n\000a\000m\000\040\000t\000a\000b\000u\000l\000e\000k}{}% 3
\BOOKMARK [1][-]{section.1}{\376\377\000\332\000v\000o\000d}{}% 4
\BOOKMARK [1][-]{section.2}{\376\377\000D\000a\000t\000o\000v\000\351\000\040\000z\000d\000r\000o\000j\000e}{}% 5
\BOOKMARK [2][-]{subsection.2.1}{\376\377\000X\000M\000L}{section.2}% 6
\BOOKMARK [2][-]{subsection.2.2}{\376\377\000J\000S\000O\000N}{section.2}% 7
\BOOKMARK [2][-]{subsection.2.3}{\376\377\000J\000S\000O\000N}{section.2}% 8
\BOOKMARK [2][-]{subsection.2.4}{\376\377\000B\000i\000t\000m\000a\000p}{section.2}% 9
\BOOKMARK [2][-]{subsection.2.5}{\376\377\000S\000h\000r\000n\000u\000t\000\355\000\040\000p\000o\000u\001\176\000i\000t\000\375\000c\000h\000\040\000z\000d\000r\000o\000j\001\157}{section.2}% 10
\BOOKMARK [1][-]{section.3}{\376\377\000A\000g\000r\000e\000g\000a\000c\000e\000\040\000d\000a\000t}{}% 11
\BOOKMARK [2][-]{subsection.3.1}{\376\377\001\140\000k\000\341\000l\000a}{section.3}% 12
\BOOKMARK [2][-]{subsection.3.2}{\376\377\000T\000r\000i\000a\000n\000g\000u\000l\000a\000c\000e}{section.3}% 13
\BOOKMARK [2][-]{subsection.3.3}{\376\377\000I\000n\000t\000e\000r\000p\000o\000l\000a\000c\000e}{section.3}% 14
\BOOKMARK [1][-]{section.4}{\376\377\000D\000i\000s\000t\000r\000i\000b\000u\000c\000e\000\040\000d\000a\000t}{}% 15
\BOOKMARK [2][-]{subsection.4.1}{\376\377\000A\000P\000I}{section.4}% 16
\BOOKMARK [2][-]{subsection.4.2}{\376\377\000C\000h\000y\000b\000a\000\040\000p\001\131\000i\000\040\000z\000p\000r\000a\000c\000o\000v\000\341\000n\000\355\000\040\000d\000a\000t}{section.4}% 17
\BOOKMARK [1][-]{section.5}{\376\377\000V\000i\000z\000u\000a\000l\000i\000z\000a\000c\000e\000\040\000d\000a\000t}{}% 18
\BOOKMARK [2][-]{subsection.5.1}{\376\377\000O\000b\000e\000c\000n\000\351\000\040\000p\000o\000u\001\176\000i\000t\000\355}{section.5}% 19
\BOOKMARK [2][-]{subsection.5.2}{\376\377\000M\000a\000p\000a}{section.5}% 20
\BOOKMARK [2][-]{subsection.5.3}{\376\377\000P\000o\001\015\000a\000s\000\355\000\040\000v\000\040\000b\000o\000d\001\033}{section.5}% 21
\BOOKMARK [2][-]{subsection.5.4}{\376\377\000P\000o\001\015\000a\000s\000\355\000\040\000n\000a\000\040\000t\000r\000a\000s\000e}{section.5}% 22
\BOOKMARK [2][-]{subsection.5.5}{\376\377\000A\000n\000i\000m\000a\000c\000e\000\040\000p\000o\001\015\000a\000s\000\355}{section.5}% 23
\BOOKMARK [2][-]{subsection.5.6}{\376\377\000G\000r\000a\000f}{section.5}% 24
\BOOKMARK [2][-]{subsection.5.7}{\376\377\000N\000a\000s\000t\000a\000v\000e\000n\000\355\000\040\000a\000\040\000a\000k\000c\000e}{section.5}% 25
\BOOKMARK [2][-]{subsection.5.8}{\376\377\000C\000h\000y\000b\000y\000\040\000p\001\131\000i\000\040\000z\000o\000b\000r\000a\000z\000o\000v\000\341\000n\000\355\000\040\000d\000a\000t}{section.5}% 26
\BOOKMARK [1][-]{section.6}{\376\377\000Z\000\341\000v\001\033\000r}{}% 27
\BOOKMARK [1][-]{section.6}{\376\377\000L\000i\000t\000e\000r\000a\000t\000u\000r\000a}{}% 28
